[main 80075bb] Auto-sync:  1 file changed, 0 insertions(+), 0 deletions(-)
 1 file changed, 0 insertions(+), 0 deletions(-)
 create mode 100644 sync.log
fatal: could not read Username for 'https://github.com': Device not configured
[main 8aece65] Auto-sync:  1 file changed, 4 insertions(+)
 1 file changed, 4 insertions(+)
fatal: could not read Username for 'https://github.com': Device not configured
[main 0d7362d] Auto-sync:  1 file changed, 3 insertions(+)
 1 file changed, 3 insertions(+)
fatal: could not read Username for 'https://github.com': Device not configured
[main 0accfac] Auto-sync:  1 file changed, 3 insertions(+)
 1 file changed, 3 insertions(+)
fatal: could not read Username for 'https://github.com': Device not configured
[main 1690988] Auto-sync:  1 file changed, 3 insertions(+)
 1 file changed, 3 insertions(+)
fatal: could not read Username for 'https://github.com': Device not configured
[main c1514d1] Auto-sync:  2 files changed, 931 insertions(+)
 2 files changed, 931 insertions(+)
 create mode 100644 PRODUCT_ROADMAP.html
fatal: could not read Username for 'https://github.com': Device not configured
[main 171bc46] Auto-sync:  2 files changed, 37 insertions(+), 30 deletions(-)
 2 files changed, 37 insertions(+), 30 deletions(-)
fatal: could not read Username for 'https://github.com': Device not configured
[main 2fa544e] Auto-sync:  1 file changed, 3 insertions(+)
 1 file changed, 3 insertions(+)
fatal: could not read Username for 'https://github.com': Device not configured
[main d871528] Auto-sync:  3 files changed, 1142 insertions(+)
 3 files changed, 1142 insertions(+)
 create mode 100644 LIVING_IDEAS.html
 create mode 100644 phase_2_synthesis/code_similarity.py
fatal: could not read Username for 'https://github.com': Device not configured
[main e5c4192] Auto-sync:  1 file changed, 5 insertions(+)
 1 file changed, 5 insertions(+)
fatal: could not read Username for 'https://github.com': Device not configured
[main 50f6e56] Auto-sync:  5 files changed, 716 insertions(+), 104 deletions(-)
 5 files changed, 716 insertions(+), 104 deletions(-)
 create mode 100644 completed/01_code_similarity_engine.html
 create mode 100644 completed/02_html_cleanup.html
 create mode 100644 completed/03_partial_session_diagnosis.html
fatal: could not read Username for 'https://github.com': Device not configured
[main b7159a9] Auto-sync:  1 file changed, 6 insertions(+)
 1 file changed, 6 insertions(+)
fatal: could not read Username for 'https://github.com': Device not configured
[main 2414118] Auto-sync:  5 files changed, 748 insertions(+)
 5 files changed, 748 insertions(+)
 create mode 100644 realtime/__init__.py
 create mode 100644 realtime/app_level_manager.py
 create mode 100644 realtime/code_similarity_incremental.py
 create mode 100644 realtime/session_metadata_tracker.py
fatal: could not read Username for 'https://github.com': Device not configured
[main 6bbea31] Auto-sync:  4 files changed, 856 insertions(+), 2 deletions(-)
 4 files changed, 856 insertions(+), 2 deletions(-)
 create mode 100644 SYSTEM_REPORT.html
 create mode 100644 phase_5_ground_truth/run_verification.py
fatal: could not read Username for 'https://github.com': Device not configured
[main cf22aee] Auto-sync:  1 file changed, 5 insertions(+)
 1 file changed, 5 insertions(+)
fatal: could not read Username for 'https://github.com': Device not configured
[main afa6a58] Auto-sync:  1 file changed, 3 insertions(+)
 1 file changed, 3 insertions(+)
fatal: could not read Username for 'https://github.com': Device not configured
[main b329ada] Auto-sync:  3 files changed, 505 insertions(+)
 3 files changed, 505 insertions(+)
 create mode 100644 operations_panel.html
 create mode 100644 phase_4_insertion/hyperdoc_layers.py
fatal: could not read Username for 'https://github.com': Device not configured
[main 695519c] Auto-sync:  2 files changed, 82 insertions(+), 175 deletions(-)
 2 files changed, 82 insertions(+), 175 deletions(-)
fatal: could not read Username for 'https://github.com': Device not configured
[main 80a5171] Auto-sync:  1 file changed, 3 insertions(+)
 1 file changed, 3 insertions(+)
fatal: could not read Username for 'https://github.com': Device not configured
[main dc09ce9] Auto-sync:  1 file changed, 3 insertions(+)
 1 file changed, 3 insertions(+)
fatal: could not read Username for 'https://github.com': Device not configured
